<?xml version="1.0" encoding="UTF-8"?>
<!-- Generated by org.testng.reporters.JUnitXMLReporter -->
<testsuite hostname="HP" name="Test" tests="5" failures="0" timestamp="23 Sep 2021 20:12:59 GMT" time="15.845" errors="0">
  <testcase name="CreateStation" time="13.723" classname="DemoProject.API.NewapiTest"/>
  <testcase name="NoAcessKey" time="0.483" classname="DemoProject.API.NewapiTest"/>
  <testcase name="XGetStation" time="0.611" classname="DemoProject.API.NewapiTest"/>
  <testcase name="YDelStation" time="0.416" classname="DemoProject.API.NewapiTest"/>
  <testcase name="ZRepDel" time="0.525" classname="DemoProject.API.NewapiTest"/>
</testsuite> <!-- Test -->
