<?xml version="1.0" encoding="UTF-8"?>
<testng-results skipped="0" failed="0" total="1" passed="1">
  <reporter-output>
  </reporter-output>
  <suite name="Suite" duration-ms="33079" started-at="2021-08-20T08:16:44Z" finished-at="2021-08-20T08:17:17Z">
    <groups>
    </groups>
    <test name="Test" duration-ms="33079" started-at="2021-08-20T08:16:44Z" finished-at="2021-08-20T08:17:17Z">
      <class name="Academy.NewSeleniumTest">
        <test-method status="PASS" signature="initialize()[pri:0, instance:Academy.NewSeleniumTest@707194ba]" name="initialize" is-config="true" duration-ms="4432" started-at="2021-08-20T13:46:44Z" finished-at="2021-08-20T13:46:49Z">
          <reporter-output>
          </reporter-output>
        </test-method> <!-- initialize -->
        <test-method status="PASS" signature="basePageNavigation(java.lang.String, java.lang.String)[pri:0, instance:Academy.NewSeleniumTest@707194ba]" name="basePageNavigation" duration-ms="28438" started-at="2021-08-20T13:46:49Z" data-provider="getData" finished-at="2021-08-20T13:47:17Z">
          <params>
            <param index="0">
              <value>
                <![CDATA[jetblue@grr.la]]>
              </value>
            </param>
            <param index="1">
              <value>
                <![CDATA[jetblue]]>
              </value>
            </param>
          </params>
          <reporter-output>
          </reporter-output>
        </test-method> <!-- basePageNavigation -->
        <test-method status="PASS" signature="teardown()[pri:0, instance:Academy.NewSeleniumTest@707194ba]" name="teardown" is-config="true" duration-ms="190" started-at="2021-08-20T13:47:17Z" finished-at="2021-08-20T13:47:17Z">
          <reporter-output>
          </reporter-output>
        </test-method> <!-- teardown -->
      </class> <!-- Academy.NewSeleniumTest -->
    </test> <!-- Test -->
  </suite> <!-- Suite -->
</testng-results>
