<?xml version="1.0" encoding="UTF-8"?>
<testng-results skipped="0" failed="0" total="5" passed="5">
  <reporter-output>
  </reporter-output>
  <suite name="Suite" duration-ms="15845" started-at="2021-09-23T20:12:43Z" finished-at="2021-09-23T20:12:59Z">
    <groups>
    </groups>
    <test name="Test" duration-ms="15845" started-at="2021-09-23T20:12:43Z" finished-at="2021-09-23T20:12:59Z">
      <class name="DemoProject.API.NewapiTest">
        <test-method status="PASS" signature="CreateStation(java.lang.String, java.lang.String, double, double)[pri:0, instance:DemoProject.API.NewapiTest@91161c7]" name="CreateStation" duration-ms="13723" started-at="2021-09-24T01:42:43Z" data-provider="getApiData" finished-at="2021-09-24T01:42:57Z">
          <params>
            <param index="0">
              <value>
                <![CDATA[ddxcxd]]>
              </value>
            </param>
            <param index="1">
              <value>
                <![CDATA[ssdhd]]>
              </value>
            </param>
            <param index="2">
              <value>
                <![CDATA[224.33]]>
              </value>
            </param>
            <param index="3">
              <value>
                <![CDATA[224.33]]>
              </value>
            </param>
          </params>
          <reporter-output>
          </reporter-output>
        </test-method> <!-- CreateStation -->
        <test-method status="PASS" signature="NoAcessKey(java.lang.String, java.lang.String, double, double)[pri:0, instance:DemoProject.API.NewapiTest@91161c7]" name="NoAcessKey" duration-ms="483" started-at="2021-09-24T01:42:57Z" data-provider="getApiData" finished-at="2021-09-24T01:42:58Z">
          <params>
            <param index="0">
              <value>
                <![CDATA[ddxcxd]]>
              </value>
            </param>
            <param index="1">
              <value>
                <![CDATA[ssdhd]]>
              </value>
            </param>
            <param index="2">
              <value>
                <![CDATA[224.33]]>
              </value>
            </param>
            <param index="3">
              <value>
                <![CDATA[224.33]]>
              </value>
            </param>
          </params>
          <reporter-output>
          </reporter-output>
        </test-method> <!-- NoAcessKey -->
        <test-method status="PASS" signature="XGetStation()[pri:0, instance:DemoProject.API.NewapiTest@91161c7]" name="XGetStation" duration-ms="611" started-at="2021-09-24T01:42:58Z" finished-at="2021-09-24T01:42:58Z">
          <reporter-output>
          </reporter-output>
        </test-method> <!-- XGetStation -->
        <test-method status="PASS" signature="YDelStation()[pri:0, instance:DemoProject.API.NewapiTest@91161c7]" name="YDelStation" duration-ms="416" started-at="2021-09-24T01:42:58Z" finished-at="2021-09-24T01:42:59Z">
          <reporter-output>
          </reporter-output>
        </test-method> <!-- YDelStation -->
        <test-method status="PASS" signature="ZRepDel()[pri:0, instance:DemoProject.API.NewapiTest@91161c7]" name="ZRepDel" duration-ms="525" started-at="2021-09-24T01:42:59Z" finished-at="2021-09-24T01:42:59Z">
          <reporter-output>
          </reporter-output>
        </test-method> <!-- ZRepDel -->
      </class> <!-- DemoProject.API.NewapiTest -->
    </test> <!-- Test -->
  </suite> <!-- Suite -->
</testng-results>
